<?xml version="1.0" encoding="UTF-8"?>
<coverage generated="1552154948054" clover="3.2.0">
  <project timestamp="1552154948055" name="All files">
    <metrics statements="10" coveredstatements="0" conditionals="0" coveredconditionals="0" methods="1" coveredmethods="0" elements="11" coveredelements="0" complexity="0" loc="10" ncloc="10" packages="1" files="2" classes="2">
      <file name="app.js" path="/Users/jesus.javega/Documents/projects/boilerplate-react/src/app.js">
        <metrics statements="5" coveredstatements="0" conditionals="0" coveredconditionals="0" methods="1" coveredmethods="0"/>
        <line num="1" count="0" type="stmt"/>
        <line num="2" count="0" type="stmt"/>
        <line num="4" count="0" type="stmt"/>
        <line num="5" count="0" type="stmt"/>
        <line num="6" count="0" type="stmt"/>
      </file>
      <file name="index.js" path="/Users/jesus.javega/Documents/projects/boilerplate-react/src/index.js">
        <metrics statements="5" coveredstatements="0" conditionals="0" coveredconditionals="0" methods="0" coveredmethods="0"/>
        <line num="1" count="0" type="stmt"/>
        <line num="2" count="0" type="stmt"/>
        <line num="3" count="0" type="stmt"/>
        <line num="5" count="0" type="stmt"/>
        <line num="7" count="0" type="stmt"/>
      </file>
    </metrics>
  </project>
</coverage>
