{"/Users/jesus.javega/Documents/projects/boilerplate-react/src/app.js": {"path":"/Users/jesus.javega/Documents/projects/boilerplate-react/src/app.js","statementMap":{"0":{"start":{"line":1,"column":0},"end":{"line":null,"column":-1}},"1":{"start":{"line":2,"column":0},"end":{"line":null,"column":-1}},"2":{"start":{"line":5,"column":14},"end":{"line":4,"column":22}},"3":{"start":{"line":4,"column":22},"end":{"line":null,"column":-1}},"4":{"start":{"line":6,"column":2},"end":{"line":null,"column":-1}}},"fnMap":{"0":{"name":"App","decl":{"start":{"line":4,"column":16},"end":{"line":4,"column":7}},"loc":{"start":{"line":4,"column":22},"end":{"line":7,"column":1}}}},"branchMap":{},"s":{"0":0,"1":0,"2":0,"3":0,"4":0},"f":{"0":0},"b":{}}
,"/Users/jesus.javega/Documents/projects/boilerplate-react/src/index.js": {"path":"/Users/jesus.javega/Documents/projects/boilerplate-react/src/index.js","statementMap":{"0":{"start":{"line":1,"column":0},"end":{"line":null,"column":-1}},"1":{"start":{"line":2,"column":0},"end":{"line":null,"column":-1}},"2":{"start":{"line":3,"column":0},"end":{"line":null,"column":-1}},"3":{"start":{"line":5,"column":0},"end":{"line":null,"column":-1}},"4":{"start":{"line":7,"column":0},"end":{"line":null,"column":-1}}},"fnMap":{},"branchMap":{},"s":{"0":0,"1":0,"2":0,"3":0,"4":0},"f":{},"b":{}}
}
